<?xml version="1.0" encoding="UTF-8"?>
<!-- Generated by org.testng.reporters.JUnitReportReporter -->
<testsuite hostname="Priyankas-Air.fios-router.home" failures="0" tests="1" name="frameworkdesign.reports.ExtendReportDemo" time="1.933" errors="0" timestamp="2024-08-01T16:33:57 EDT" skipped="0">
  <testcase classname="frameworkdesign.reports.ExtendReportDemo" name="initialDemo" time="1.933"/>
</testsuite> <!-- frameworkdesign.reports.ExtendReportDemo -->
